082f9e9c-21a2-4711-902f-8d72d0bdf7a3 runner@fv-az1241-208:~/work/trained-models/trained-models timestamp=1699400244.751501935s
0c5ce684-3dbb-4b2b-b494-19efc96e7866 runner@fv-az491-840:~/work/trained-models/trained-models timestamp=1699402111.070195863s
0fbcebdd-528e-430a-8a75-b23c62b129d9 runner@fv-az173-607:~/work/trained-models/trained-models timestamp=1699401426.511835758s
199bc570-5ced-4079-9d1e-824f1966a44d runner@fv-az1249-127:~/work/trained-models/trained-models timestamp=1699453316.005239838s
1b64c82f-138c-4623-8e14-392aebd6c435 runner@fv-az451-805:~/work/trained-models/trained-models timestamp=1699417490.235607596s
244ee7a9-026f-432b-a89c-0ee91321f5ee runner@fv-az232-610:~/work/trained-models/trained-models timestamp=1699404216.67587602s
41028503-3af5-41d8-b80d-9cf59f097b2a root@ip-172-31-40-210:/actions-runner/_work/trained-models/trained-models timestamp=1700097035.48708975s
4f073afb-60db-4553-b51d-627b4667b05b runner@fv-az446-724:~/work/trained-models/trained-models timestamp=1699452661.585512572s
5448a23e-f58a-45be-90de-2ae820640ff7 runner@fv-az572-863:~/work/trained-models/trained-models timestamp=1699411469.268974172s
66674965-902d-4d0e-9bb5-04559a5089f4 root@ip-172-31-32-67:/actions-runner/_work/trained-models/trained-models timestamp=1700082296.897097595s
68ffa56d-69b8-4b06-a4ef-086b52c57227 root@ip-172-31-35-87:/actions-runner/_work/trained-models/trained-models timestamp=1700098477.361303701s
7c87a342-1592-4be2-a0a5-488899af6299 osf-annex1106-storage timestamp=1699396276.101991s
80a396ac-56d3-4684-b444-b6758535e3ea runner@fv-az700-995:~/work/trained-models/trained-models timestamp=1699416459.448522897s
b4a9c5df-d816-443c-bfde-da8fd79d58e6 harsha@HGs-MBP.local:~/Documents/hg-tm-fork timestamp=1699396192.657989s
c2f781ad-b5dc-45e0-bb98-856b0b7a72e1 runner@fv-az176-439:~/work/trained-models/trained-models timestamp=1699405616.451169287s
dcec645c-f9fe-4073-906d-b2da16fa1198 runner@fv-az570-810:~/work/trained-models/trained-models timestamp=1699402994.332423679s
e63cecd6-2869-4dcd-a4f8-064be98b11e8 harsha@HGs-MBP.local:~/Documents/hg-tm-fork1 timestamp=1699331435.586393s
ec3055d0-de06-43c5-9e5c-4ba30d35f9af root@ip-172-31-37-23:/actions-runner/_work/trained-models/trained-models timestamp=1700099390.470878097s
f27d18be-37d8-4937-a759-56bb70ca2813 runner@fv-az1144-726:~/work/trained-models/trained-models timestamp=1699404968.552509347s
fa0e5c2e-eef6-49d2-b53f-2878a4b5dc34 runner@fv-az975-945:~/work/trained-models/trained-models timestamp=1699403619.718402512s
facebe3c-e708-41e2-9592-0cfa135b99d0 root@ip-172-31-42-133:/actions-runner/_work/trained-models/trained-models timestamp=1699673841.997858795s
